android/otp-sdk/build/intermediates/manifest_merge_blame_file/debug/manifest-merger-blame-debug-report.txt
1<?xml version="1.0" encoding="utf-8"?>
2<manifest xmlns:android="http://schemas.android.com/apk/res/android"
3    package="com.otplesssdk.otp" >
4
5    <uses-sdk android:minSdkVersion="21" />
6
7    <queries>
7-->src/main/AndroidManifest.xml:4:5-7:15
8        <package android:name="com.whatsapp" />
8-->src/main/AndroidManifest.xml:5:9-48
8-->src/main/AndroidManifest.xml:5:18-45
9        <package android:name="com.whatsapp.w4b" />
9-->src/main/AndroidManifest.xml:6:9-52
9-->src/main/AndroidManifest.xml:6:18-49
10    </queries>
11
12    <application>
12-->src/main/AndroidManifest.xml:9:5-37:19
13        <receiver
13-->src/main/AndroidManifest.xml:10:9-18:20
14            android:name="com.otplesssdk.otp.receiver.SmsRetrieverReceiver"
14-->src/main/AndroidManifest.xml:11:13-58
15            android:enabled="true"
15-->src/main/AndroidManifest.xml:12:13-35
16            android:exported="true"
16-->src/main/AndroidManifest.xml:13:13-36
17            android:permission="com.google.android.gms.auth.api.phone.permission.SEND" >
17-->src/main/AndroidManifest.xml:14:13-87
18            <intent-filter>
18-->src/main/AndroidManifest.xml:15:13-17:29
19                <action android:name="com.google.android.gms.auth.api.phone.SMS_RETRIEVED" />
19-->src/main/AndroidManifest.xml:16:17-94
19-->src/main/AndroidManifest.xml:16:25-91
20            </intent-filter>
21        </receiver>
22        <receiver
22-->src/main/AndroidManifest.xml:20:9-27:20
23            android:name="com.otplesssdk.otp.receiver.WhatsAppOtpReceiver"
23-->src/main/AndroidManifest.xml:21:13-57
24            android:enabled="true"
24-->src/main/AndroidManifest.xml:22:13-35
25            android:exported="true" >
25-->src/main/AndroidManifest.xml:23:13-36
26            <intent-filter>
26-->src/main/AndroidManifest.xml:24:13-26:29
27                <action android:name="com.whatsapp.otp.OTP_RETRIEVED" />
27-->src/main/AndroidManifest.xml:25:17-73
27-->src/main/AndroidManifest.xml:25:25-70
28            </intent-filter>
29        </receiver>
30        <receiver
30-->src/main/AndroidManifest.xml:29:9-36:20
31            android:name="com.otplesssdk.otp.receiver.WhatsAppOtpErrorReceiver"
31-->src/main/AndroidManifest.xml:30:13-62
32            android:enabled="true"
32-->src/main/AndroidManifest.xml:31:13-35
33            android:exported="true" >
33-->src/main/AndroidManifest.xml:32:13-36
34            <intent-filter>
34-->src/main/AndroidManifest.xml:33:13-35:29
35                <action android:name="com.whatsapp.otp.OTP_ERROR" />
35-->src/main/AndroidManifest.xml:34:17-69
35-->src/main/AndroidManifest.xml:34:25-66
36            </intent-filter>
37        </receiver>
38    </application>
39
40</manifest>